<?xml version="1.0" encoding="UTF-8"?>
<!-- Generated by org.testng.reporters.JUnitXMLReporter -->
<testsuite ignored="5" hostname="DESKTOP-7UOFI28" failures="0" tests="1" name="Default test" time="23.2" errors="0" timestamp="2023-01-06T08:45:56 IST">
  <testcase classname="testcases.TestCase2" name="morenaboutews1_click" time="13.215"/>
  <testcase classname="testcases.TestCase2" name="morenaboutews4_click" time="0.0">
    <ignored/>
  </testcase> <!-- morenaboutews4_click -->
  <testcase classname="testcases.TestCase2" name="morenaboutews3_click" time="0.0">
    <ignored/>
  </testcase> <!-- morenaboutews3_click -->
  <testcase classname="testcases.TestCase2" name="morenaboutews2_click" time="0.0">
    <ignored/>
  </testcase> <!-- morenaboutews2_click -->
  <testcase classname="testcases.TestCase2" name="moreaboutus_click" time="0.0">
    <ignored/>
  </testcase> <!-- moreaboutus_click -->
  <testcase classname="testcases.TestCase2" name="morenaboutews5_click" time="0.0">
    <ignored/>
  </testcase> <!-- morenaboutews5_click -->
</testsuite> <!-- Default test -->
