<?xml version="1.0" encoding="UTF-8"?>
<testng-results ignored="5" total="6" passed="1" failed="0" skipped="0">
  <reporter-output>
  </reporter-output>
  <suite started-at="2023-01-06T08:45:33 IST" name="Default suite" finished-at="2023-01-06T08:45:56 IST" duration-ms="23200">
    <groups>
    </groups>
    <test started-at="2023-01-06T08:45:33 IST" name="Default test" finished-at="2023-01-06T08:45:56 IST" duration-ms="23200">
      <class name="testcases.TestCase2">
        <test-method is-config="true" signature="setUp()[pri:0, instance:testcases.TestCase2@2fb3536e]" started-at="2023-01-06T08:45:33 IST" name="setUp" finished-at="2023-01-06T08:45:43 IST" duration-ms="9835" status="PASS">
          <reporter-output>
          </reporter-output>
        </test-method> <!-- setUp -->
        <test-method signature="morenaboutews1_click()[pri:2, instance:testcases.TestCase2@2fb3536e]" started-at="2023-01-06T08:45:43 IST" name="morenaboutews1_click" finished-at="2023-01-06T08:45:56 IST" duration-ms="13215" status="PASS">
          <reporter-output>
          </reporter-output>
        </test-method> <!-- morenaboutews1_click -->
        <test-method is-config="true" signature="tearDown()[pri:0, instance:testcases.TestCase2@2fb3536e]" started-at="2023-01-06T08:45:56 IST" name="tearDown" finished-at="2023-01-06T08:45:56 IST" duration-ms="80" status="PASS">
          <reporter-output>
          </reporter-output>
        </test-method> <!-- tearDown -->
      </class> <!-- testcases.TestCase2 -->
    </test> <!-- Default test -->
  </suite> <!-- Default suite -->
</testng-results>
